nohup: ignoring input
INFO [02-17|15:30:16.436] Maximum peer count                       ETH=50 total=50
INFO [02-17|15:30:16.437] Smartcard socket not found, disabling    err="stat /run/pcscd/pcscd.comm: no such file or directory"
INFO [02-17|15:30:16.439] Set global gas cap                       cap=50,000,000
INFO [02-17|15:30:16.439] Initializing the KZG library             backend=gokzg
INFO [02-17|15:30:16.456] Allocated trie memory caches             clean=1.20GiB dirty=2.00GiB
INFO [02-17|15:30:16.457] Using pebble as the backing database
INFO [02-17|15:30:16.457] Allocated cache and file handles         database=/home/ubuntu/arcana-ecosystem/peer_1/geth/chaindata cache=4.00GiB handles=524,288
INFO [02-17|15:30:16.479] Opened ancient database                  database=/home/ubuntu/arcana-ecosystem/peer_1/geth/chaindata/ancient/chain readonly=false
INFO [02-17|15:30:16.480] State scheme set to already existing     scheme=hash
INFO [02-17|15:30:16.481] Initialising Ethereum protocol           network=136 dbversion=8
INFO [02-17|15:30:16.481] 
INFO [02-17|15:30:16.481] ---------------------------------------------------------------------------------------------------------------------------------------------------------
INFO [02-17|15:30:16.481] Chain ID:  136 (unknown)
INFO [02-17|15:30:16.481] Consensus: Clique (proof-of-authority)
INFO [02-17|15:30:16.481] 
INFO [02-17|15:30:16.481] Pre-Merge hard forks (block based):
INFO [02-17|15:30:16.481]  - Homestead:                   #0        (https://github.com/ethereum/execution-specs/blob/master/network-upgrades/mainnet-upgrades/homestead.md)
INFO [02-17|15:30:16.481]  - Tangerine Whistle (EIP 150): #0        (https://github.com/ethereum/execution-specs/blob/master/network-upgrades/mainnet-upgrades/tangerine-whistle.md)
INFO [02-17|15:30:16.481]  - Spurious Dragon/1 (EIP 155): #0        (https://github.com/ethereum/execution-specs/blob/master/network-upgrades/mainnet-upgrades/spurious-dragon.md)
INFO [02-17|15:30:16.481]  - Spurious Dragon/2 (EIP 158): #0        (https://github.com/ethereum/execution-specs/blob/master/network-upgrades/mainnet-upgrades/spurious-dragon.md)
INFO [02-17|15:30:16.481]  - Byzantium:                   #0        (https://github.com/ethereum/execution-specs/blob/master/network-upgrades/mainnet-upgrades/byzantium.md)
INFO [02-17|15:30:16.481]  - Constantinople:              #0        (https://github.com/ethereum/execution-specs/blob/master/network-upgrades/mainnet-upgrades/constantinople.md)
INFO [02-17|15:30:16.481]  - Petersburg:                  #0        (https://github.com/ethereum/execution-specs/blob/master/network-upgrades/mainnet-upgrades/petersburg.md)
INFO [02-17|15:30:16.481]  - Istanbul:                    #0        (https://github.com/ethereum/execution-specs/blob/master/network-upgrades/mainnet-upgrades/istanbul.md)
INFO [02-17|15:30:16.481]  - Berlin:                      #0        (https://github.com/ethereum/execution-specs/blob/master/network-upgrades/mainnet-upgrades/berlin.md)
INFO [02-17|15:30:16.481]  - London:                      #0        (https://github.com/ethereum/execution-specs/blob/master/network-upgrades/mainnet-upgrades/london.md)
INFO [02-17|15:30:16.481] 
INFO [02-17|15:30:16.481] The Merge is not yet available for this network!
INFO [02-17|15:30:16.481]  - Hard-fork specification: https://github.com/ethereum/execution-specs/blob/master/network-upgrades/mainnet-upgrades/paris.md
INFO [02-17|15:30:16.481] 
INFO [02-17|15:30:16.481] Post-Merge hard forks (timestamp based):
INFO [02-17|15:30:16.481] 
INFO [02-17|15:30:16.481] ---------------------------------------------------------------------------------------------------------------------------------------------------------
INFO [02-17|15:30:16.481] 
INFO [02-17|15:30:16.482] Loaded most recent local block           number=0 hash=93e29c..77a963 td=1 age=56y11mo1w
WARN [02-17|15:30:16.482] Loaded snapshot journal                  diffs=missing
INFO [02-17|15:30:16.482] Initialized transaction indexer          range="last 2350000 blocks"
INFO [02-17|15:30:16.482] Loaded local transaction journal         transactions=0 dropped=0
INFO [02-17|15:30:16.500] Enabled snap sync                        head=0 hash=93e29c..77a963
INFO [02-17|15:30:16.501] Gasprice oracle is ignoring threshold set threshold=2
WARN [02-17|15:30:16.504] Unclean shutdown detected                booted=2026-02-17T15:30:10+0000 age=6s
WARN [02-17|15:30:16.504] Unclean shutdown detected                booted=2026-02-17T15:30:16+0000 age=0
WARN [02-17|15:30:16.504] Engine API enabled                       protocol=eth
WARN [02-17|15:30:16.504] Engine API started but chain not configured for merge yet
INFO [02-17|15:30:16.504] Starting peer-to-peer node               instance=Geth/v1.13.14-stable-2bd6bd01/linux-amd64/go1.21.6
INFO [02-17|15:30:16.526] New local node record                    seq=1,771,342,210,900 id=ae27ebd37f98122e ip=127.0.0.1 udp=30303 tcp=30303
INFO [02-17|15:30:16.526] Started P2P networking                   self=enode://42207a9c059514a7f065d5978e133e1c98197dfacd9f8aafd658ab9c1f6f76844f43eab92e139071cc7f5d4c98a99d9f38d26c865f40db2755498d5569e3511b@127.0.0.1:30303
INFO [02-17|15:30:16.528] IPC endpoint opened                      url=/home/ubuntu/arcana-ecosystem/peer_1/geth.ipc
INFO [02-17|15:30:16.528] Loaded JWT secret file                   path=/home/ubuntu/arcana-ecosystem/peer_1/geth/jwtsecret crc32=0x8dd70584
INFO [02-17|15:30:16.528] HTTP server started                      endpoint=[::]:8545 auth=false prefix= cors=* vhosts=*
INFO [02-17|15:30:16.528] WebSocket enabled                        url=ws://127.0.0.1:8551
INFO [02-17|15:30:16.528] HTTP server started                      endpoint=127.0.0.1:8551 auth=true  prefix= cors=localhost vhosts=localhost
INFO [02-17|15:30:16.529] Legacy pool tip threshold updated        tip=0
INFO [02-17|15:30:16.529] Legacy pool tip threshold updated        tip=1,000,000,000
INFO [02-17|15:30:16.529] Snap sync complete, auto disabling
INFO [02-17|15:30:16.529] Commit new sealing work                  number=1 sealhash=e5d531..c9168d txs=0 gas=0 fees=0 elapsed="75.703µs"
WARN [02-17|15:30:16.529] Block sealing failed                     err="authentication needed: password or unlock"
INFO [02-17|15:30:18.493] New local node record                    seq=1,771,342,210,901 id=ae27ebd37f98122e ip=18.221.3.50 udp=30303 tcp=30303
INFO [02-17|15:30:32.058] Looking for peers                        peercount=0 tried=102 static=0
INFO [02-17|15:30:46.382] Looking for peers                        peercount=0 tried=106 static=0
INFO [02-17|15:30:56.452] Looking for peers                        peercount=1 tried=88  static=0
INFO [02-17|15:31:06.470] Looking for peers                        peercount=2 tried=29  static=0
INFO [02-17|15:31:16.509] Looking for peers                        peercount=0 tried=79  static=0
INFO [02-17|15:31:26.646] Looking for peers                        peercount=0 tried=101 static=0
INFO [02-17|15:31:36.705] Looking for peers                        peercount=0 tried=28  static=0
INFO [02-17|15:31:46.820] Looking for peers                        peercount=0 tried=49  static=0
INFO [02-17|15:31:56.865] Looking for peers                        peercount=0 tried=90  static=0
INFO [02-17|15:32:06.913] Looking for peers                        peercount=0 tried=38  static=0
INFO [02-17|15:32:17.006] Looking for peers                        peercount=0 tried=81  static=0
INFO [02-17|15:32:27.289] Looking for peers                        peercount=0 tried=72  static=0
INFO [02-17|15:32:37.434] Looking for peers                        peercount=0 tried=48  static=0
INFO [02-17|15:32:47.444] Looking for peers                        peercount=0 tried=59  static=0
INFO [02-17|15:32:57.522] Looking for peers                        peercount=0 tried=95  static=0
INFO [02-17|15:33:07.795] Looking for peers                        peercount=0 tried=41  static=0
INFO [02-17|15:33:18.059] Looking for peers                        peercount=1 tried=82  static=0
INFO [02-17|15:33:28.065] Looking for peers                        peercount=1 tried=73  static=0
INFO [02-17|15:33:38.862] Looking for peers                        peercount=0 tried=91  static=0
INFO [02-17|15:33:48.984] Looking for peers                        peercount=0 tried=53  static=0
INFO [02-17|15:33:59.018] Looking for peers                        peercount=0 tried=95  static=0
INFO [02-17|15:34:09.071] Looking for peers                        peercount=0 tried=45  static=0
INFO [02-17|15:34:19.139] Looking for peers                        peercount=0 tried=57  static=0
INFO [02-17|15:34:29.252] Looking for peers                        peercount=0 tried=56  static=0
INFO [02-17|15:34:39.536] Looking for peers                        peercount=0 tried=79  static=0
INFO [02-17|15:34:49.646] Looking for peers                        peercount=0 tried=91  static=0
INFO [02-17|15:34:59.679] Looking for peers                        peercount=0 tried=35  static=0
INFO [02-17|15:35:09.810] Looking for peers                        peercount=0 tried=53  static=0
INFO [02-17|15:35:19.812] Looking for peers                        peercount=1 tried=60  static=0
INFO [02-17|15:35:29.975] Looking for peers                        peercount=0 tried=51  static=0
INFO [02-17|15:35:39.987] Looking for peers                        peercount=1 tried=100 static=0
INFO [02-17|15:35:50.115] Looking for peers                        peercount=0 tried=25  static=0
INFO [02-17|15:36:00.292] Looking for peers                        peercount=0 tried=82  static=0
INFO [02-17|15:36:10.497] Looking for peers                        peercount=0 tried=53  static=0
INFO [02-17|15:36:20.581] Looking for peers                        peercount=0 tried=83  static=0
INFO [02-17|15:36:30.582] Looking for peers                        peercount=0 tried=43  static=0
INFO [02-17|15:36:40.621] Looking for peers                        peercount=0 tried=80  static=0
INFO [02-17|15:36:50.633] Looking for peers                        peercount=0 tried=47  static=0
INFO [02-17|15:37:00.854] Looking for peers                        peercount=0 tried=65  static=0
INFO [02-17|15:37:10.921] Looking for peers                        peercount=0 tried=50  static=0
INFO [02-17|15:37:20.925] Looking for peers                        peercount=0 tried=88  static=0
INFO [02-17|15:37:31.329] Looking for peers                        peercount=0 tried=60  static=0
INFO [02-17|15:37:41.353] Looking for peers                        peercount=0 tried=62  static=0
INFO [02-17|15:37:51.555] Looking for peers                        peercount=0 tried=53  static=0
INFO [02-17|15:38:01.626] Looking for peers                        peercount=0 tried=63  static=0
INFO [02-17|15:38:11.742] Looking for peers                        peercount=0 tried=83  static=0
INFO [02-17|15:38:21.881] Looking for peers                        peercount=0 tried=63  static=0
INFO [02-17|15:38:31.895] Looking for peers                        peercount=0 tried=76  static=0
INFO [02-17|15:38:41.902] Looking for peers                        peercount=1 tried=52  static=0
INFO [02-17|15:38:51.924] Looking for peers                        peercount=0 tried=77  static=0
INFO [02-17|15:39:01.974] Looking for peers                        peercount=0 tried=80  static=0
INFO [02-17|15:39:12.426] Looking for peers                        peercount=0 tried=29  static=0
INFO [02-17|15:39:22.518] Looking for peers                        peercount=0 tried=82  static=0
INFO [02-17|15:39:32.659] Looking for peers                        peercount=0 tried=101 static=0
INFO [02-17|15:39:42.746] Looking for peers                        peercount=0 tried=49  static=0
