INFO [02-17|01:12:40.593] Looking for peers                        peercount=0 tried=92  static=0
INFO [02-17|01:12:50.895] Looking for peers                        peercount=0 tried=59  static=0
INFO [02-17|01:13:00.987] Looking for peers                        peercount=0 tried=49  static=0
INFO [02-17|01:13:11.010] Looking for peers                        peercount=0 tried=51  static=0
INFO [02-17|01:13:21.534] Looking for peers                        peercount=0 tried=59  static=0
INFO [02-17|01:13:31.666] Looking for peers                        peercount=0 tried=108 static=0
INFO [02-17|01:13:41.725] Looking for peers                        peercount=1 tried=47  static=0
INFO [02-17|01:13:51.924] Looking for peers                        peercount=1 tried=73  static=0
INFO [02-17|01:14:01.960] Looking for peers                        peercount=0 tried=55  static=0
INFO [02-17|01:14:12.069] Looking for peers                        peercount=0 tried=38  static=0
INFO [02-17|01:14:22.122] Looking for peers                        peercount=0 tried=55  static=0
INFO [02-17|01:14:32.138] Looking for peers                        peercount=0 tried=33  static=0
INFO [02-17|01:14:42.700] Looking for peers                        peercount=0 tried=58  static=0
INFO [02-17|01:14:52.828] Looking for peers                        peercount=0 tried=26  static=0
INFO [02-17|01:15:02.934] Looking for peers                        peercount=0 tried=32  static=0
INFO [02-17|01:15:12.940] Looking for peers                        peercount=0 tried=36  static=0
INFO [02-17|01:15:23.108] Looking for peers                        peercount=0 tried=41  static=0
INFO [02-17|01:15:33.147] Looking for peers                        peercount=0 tried=57  static=0
INFO [02-17|01:15:43.177] Looking for peers                        peercount=0 tried=45  static=0
INFO [02-17|01:15:53.259] Looking for peers                        peercount=1 tried=60  static=0
INFO [02-17|01:16:03.270] Looking for peers                        peercount=0 tried=50  static=0
INFO [02-17|01:16:13.310] Looking for peers                        peercount=0 tried=89  static=0
INFO [02-17|01:16:23.344] Looking for peers                        peercount=0 tried=62  static=0
WARN [02-17|01:16:28.672] Served eth_coinbase                      reqid=3 duration="33.967µs" err="etherbase must be explicitly specified"
INFO [02-17|01:16:33.924] Looking for peers                        peercount=0 tried=61  static=0
INFO [02-17|01:16:43.929] Looking for peers                        peercount=0 tried=39  static=0
INFO [02-17|01:16:53.932] Looking for peers                        peercount=0 tried=79  static=0
INFO [02-17|01:17:03.967] Looking for peers                        peercount=0 tried=49  static=0
WARN [02-17|01:17:12.335] Post-merge network, but no beacon client seen. Please launch one to follow the chain!
INFO [02-17|01:17:13.990] Looking for peers                        peercount=0 tried=33  static=0
INFO [02-17|01:17:24.024] Looking for peers                        peercount=0 tried=63  static=0
INFO [02-17|01:17:34.035] Looking for peers                        peercount=0 tried=25  static=0
INFO [02-17|01:17:44.036] Looking for peers                        peercount=0 tried=55  static=0
INFO [02-17|01:17:54.093] Looking for peers                        peercount=0 tried=48  static=0
INFO [02-17|01:18:04.167] Looking for peers                        peercount=0 tried=64  static=0
INFO [02-17|01:18:14.187] Looking for peers                        peercount=0 tried=73  static=0
INFO [02-17|01:18:24.817] Looking for peers                        peercount=0 tried=41  static=0
INFO [02-17|01:18:35.377] Looking for peers                        peercount=0 tried=52  static=0
INFO [02-17|01:18:45.382] Looking for peers                        peercount=0 tried=49  static=0
INFO [02-17|01:18:55.939] Looking for peers                        peercount=0 tried=43  static=0
INFO [02-17|01:19:05.955] Looking for peers                        peercount=0 tried=59  static=0
INFO [02-17|01:19:10.527] Got interrupt, shutting down...
INFO [02-17|01:19:10.527] HTTP server stopped                      endpoint=127.0.0.1:8545
INFO [02-17|01:19:10.527] HTTP server stopped                      endpoint=127.0.0.1:8551
INFO [02-17|01:19:10.527] IPC endpoint closed                      url=/home/ubuntu/arcana-ecosystem/peer_1/geth.ipc
INFO [02-17|01:19:10.527] Ethereum protocol stopped
INFO [02-17|01:19:10.527] Transaction pool stopped
INFO [02-17|01:19:10.535] Writing snapshot state to disk           root=d7f897..0f0544
INFO [02-17|01:19:10.535] Persisted trie from memory database      nodes=0 size=0.00B time="2.97µs" gcnodes=0 gcsize=0.00B gctime=0s livenodes=0 livesize=0.00B
INFO [02-17|01:19:10.535] Blockchain stopped
