INFO [02-12|04:03:45.548] Loaded JWT secret file                   path=/home/ubuntu/arcana_data/geth/jwtsecret crc32=0xd253976b
INFO [02-12|04:03:45.549] HTTP server started                      endpoint=127.0.0.1:8545 auth=false prefix= cors= vhosts=localhost
INFO [02-12|04:03:45.549] WebSocket enabled                        url=ws://127.0.0.1:8551
INFO [02-12|04:03:45.549] HTTP server started                      endpoint=127.0.0.1:8551 auth=true  prefix= cors=localhost vhosts=localhost
INFO [02-12|04:03:46.079] Unlocked account                         address=0x14A3256052c02f9d87FE1Cc3b712D4530061b25c
INFO [02-12|04:03:46.079] Legacy pool tip threshold updated        tip=0
INFO [02-12|04:03:46.079] Legacy pool tip threshold updated        tip=1,000,000,000
INFO [02-12|04:03:46.079] Snap sync complete, auto disabling
INFO [02-12|04:03:46.079] Commit new sealing work                  number=1 sealhash=7cfdd6..dfbe67 txs=0 gas=0 fees=0 elapsed="116.766µs"
INFO [02-12|04:03:50.010] Successfully sealed new block            number=1 sealhash=7cfdd6..dfbe67 hash=ec4ac2..cd7c30 elapsed=3.930s
INFO [02-12|04:03:50.010] Commit new sealing work                  number=2 sealhash=100778..751585 txs=0 gas=0 fees=0 elapsed="227.933µs"
INFO [02-12|04:03:50.013] Indexed transactions                     blocks=2 txs=0 tail=0 elapsed=3.120ms
INFO [02-12|04:03:55.006] Successfully sealed new block            number=2 sealhash=100778..751585 hash=e94d66..8b25e3 elapsed=4.996s
INFO [02-12|04:03:55.007] Commit new sealing work                  number=3 sealhash=30b54d..caaedd txs=0 gas=0 fees=0 elapsed="263.003µs"
INFO [02-12|04:04:00.007] Successfully sealed new block            number=3 sealhash=30b54d..caaedd hash=6aad3c..c9fbdf elapsed=5.000s
INFO [02-12|04:04:00.007] Commit new sealing work                  number=4 sealhash=f9722d..5cb7ef txs=0 gas=0 fees=0 elapsed="221.009µs"
INFO [02-12|04:04:05.008] Successfully sealed new block            number=4 sealhash=f9722d..5cb7ef hash=b1e075..810f91 elapsed=5.000s
INFO [02-12|04:04:05.008] Commit new sealing work                  number=5 sealhash=1895a4..ed9111 txs=0 gas=0 fees=0 elapsed="284.472µs"
INFO [02-12|04:04:10.006] Successfully sealed new block            number=5 sealhash=1895a4..ed9111 hash=9d3b8d..c9e761 elapsed=4.998s
INFO [02-12|04:04:10.007] Commit new sealing work                  number=6 sealhash=2bbb66..1d3ba7 txs=0 gas=0 fees=0 elapsed="311.376µs"
INFO [02-12|04:04:15.007] Successfully sealed new block            number=6 sealhash=2bbb66..1d3ba7 hash=54e5f7..43f548 elapsed=5.000s
INFO [02-12|04:04:15.007] Commit new sealing work                  number=7 sealhash=a6f28c..c8c0e4 txs=0 gas=0 fees=0 elapsed="334.388µs"
INFO [02-12|04:04:20.006] Successfully sealed new block            number=7 sealhash=a6f28c..c8c0e4 hash=e54816..25e3f0 elapsed=4.999s
INFO [02-12|04:04:20.007] Commit new sealing work                  number=8 sealhash=3e79b4..d02d7e txs=0 gas=0 fees=0 elapsed="223.488µs"
INFO [02-12|04:04:25.006] Successfully sealed new block            number=8 sealhash=3e79b4..d02d7e hash=bb4219..d7228e elapsed=4.999s
INFO [02-12|04:04:25.007] Commit new sealing work                  number=9 sealhash=963898..6abef8 txs=0 gas=0 fees=0 elapsed="253.155µs"
INFO [02-12|04:04:30.006] Successfully sealed new block            number=9 sealhash=963898..6abef8 hash=c10e53..713609 elapsed=4.999s
INFO [02-12|04:04:30.007] Commit new sealing work                  number=10 sealhash=dd4c34..8ddcd1 txs=0 gas=0 fees=0 elapsed="178.705µs"
INFO [02-12|04:04:35.007] Successfully sealed new block            number=10 sealhash=dd4c34..8ddcd1 hash=48035a..53bcbb elapsed=5.000s
INFO [02-12|04:04:35.007] Commit new sealing work                  number=11 sealhash=b109ca..4333f5 txs=0 gas=0 fees=0 elapsed="141.893µs"
INFO [02-12|04:04:40.007] Successfully sealed new block            number=11 sealhash=b109ca..4333f5 hash=907f10..45bb80 elapsed=4.999s
INFO [02-12|04:04:40.007] Commit new sealing work                  number=12 sealhash=278ab5..a95824 txs=0 gas=0 fees=0 elapsed="223.402µs"
INFO [02-12|04:04:45.007] Successfully sealed new block            number=12 sealhash=278ab5..a95824 hash=0358eb..107493 elapsed=4.999s
INFO [02-12|04:04:45.007] Commit new sealing work                  number=13 sealhash=0a6d26..a96675 txs=0 gas=0 fees=0 elapsed="203.358µs"
INFO [02-12|04:04:50.007] Successfully sealed new block            number=13 sealhash=0a6d26..a96675 hash=5c0ebf..390b3e elapsed=4.999s
INFO [02-12|04:04:50.007] Commit new sealing work                  number=14 sealhash=fd329d..ba62d1 txs=0 gas=0 fees=0 elapsed="364.714µs"
INFO [02-12|04:04:55.006] Successfully sealed new block            number=14 sealhash=fd329d..ba62d1 hash=3ad13a..e68711 elapsed=4.998s
INFO [02-12|04:04:55.006] Commit new sealing work                  number=15 sealhash=1e0c54..fdeab1 txs=0 gas=0 fees=0 elapsed="174.801µs"
INFO [02-12|04:05:00.007] Successfully sealed new block            number=15 sealhash=1e0c54..fdeab1 hash=34051c..a15cd3 elapsed=5.001s
INFO [02-12|04:05:00.007] Commit new sealing work                  number=16 sealhash=7e42d2..11efae txs=0 gas=0 fees=0 elapsed="163.4µs"
INFO [02-12|04:05:05.008] Successfully sealed new block            number=16 sealhash=7e42d2..11efae hash=c774ce..a86dcf elapsed=5.000s
INFO [02-12|04:05:05.008] Commit new sealing work                  number=17 sealhash=81c92b..d1f89d txs=0 gas=0 fees=0 elapsed="313.444µs"
INFO [02-12|04:05:10.008] Successfully sealed new block            number=17 sealhash=81c92b..d1f89d hash=7de920..56942c elapsed=4.999s
INFO [02-12|04:05:10.008] Commit new sealing work                  number=18 sealhash=b12fed..def8fc txs=0 gas=0 fees=0 elapsed="169.18µs"
INFO [02-12|04:05:15.007] Successfully sealed new block            number=18 sealhash=b12fed..def8fc hash=ff83a9..656deb elapsed=4.999s
INFO [02-12|04:05:15.007] Commit new sealing work                  number=19 sealhash=463c3f..2a05e8 txs=0 gas=0 fees=0 elapsed="243.49µs"
INFO [02-12|04:05:20.008] Successfully sealed new block            number=19 sealhash=463c3f..2a05e8 hash=d2bc52..52e16c elapsed=5.000s
INFO [02-12|04:05:20.008] Commit new sealing work                  number=20 sealhash=c1ca22..4a5d4b txs=0 gas=0 fees=0 elapsed="225.506µs"
INFO [02-12|04:05:25.007] Successfully sealed new block            number=20 sealhash=c1ca22..4a5d4b hash=1855f9..811694 elapsed=4.998s
INFO [02-12|04:05:25.007] Commit new sealing work                  number=21 sealhash=e478e6..a65e66 txs=0 gas=0 fees=0 elapsed="235.001µs"
INFO [02-12|04:05:30.006] Successfully sealed new block            number=21 sealhash=e478e6..a65e66 hash=7ddc5d..08feed elapsed=4.999s
INFO [02-12|04:05:30.007] Commit new sealing work                  number=22 sealhash=a59271..4c3966 txs=0 gas=0 fees=0 elapsed="192.258µs"
INFO [02-12|04:05:35.007] Successfully sealed new block            number=22 sealhash=a59271..4c3966 hash=3647c6..37e1a2 elapsed=5.000s
INFO [02-12|04:05:35.008] Commit new sealing work                  number=23 sealhash=fa7f4a..06e46c txs=0 gas=0 fees=0 elapsed="189.148µs"
INFO [02-12|04:05:40.007] Successfully sealed new block            number=23 sealhash=fa7f4a..06e46c hash=fd6fcb..ac3243 elapsed=4.999s
INFO [02-12|04:05:40.008] Commit new sealing work                  number=24 sealhash=c3bb9c..413b48 txs=0 gas=0 fees=0 elapsed="250.145µs"
INFO [02-12|04:05:45.006] Successfully sealed new block            number=24 sealhash=c3bb9c..413b48 hash=f9caad..cb00e9 elapsed=4.998s
INFO [02-12|04:05:45.007] Commit new sealing work                  number=25 sealhash=bbf5e1..b1c0d1 txs=0 gas=0 fees=0 elapsed="254.774µs"
INFO [02-12|04:05:50.007] Successfully sealed new block            number=25 sealhash=bbf5e1..b1c0d1 hash=35b5f6..7a369b elapsed=5.000s
INFO [02-12|04:05:50.008] Commit new sealing work                  number=26 sealhash=03c0c3..bd8ed5 txs=0 gas=0 fees=0 elapsed="203.078µs"
INFO [02-12|04:05:55.007] Successfully sealed new block            number=26 sealhash=03c0c3..bd8ed5 hash=923230..dc9024 elapsed=4.999s
INFO [02-12|04:05:55.007] Commit new sealing work                  number=27 sealhash=4a4d66..31909f txs=0 gas=0 fees=0 elapsed="192.122µs"
INFO [02-12|04:06:00.007] Successfully sealed new block            number=27 sealhash=4a4d66..31909f hash=7c3ce5..beb228 elapsed=4.999s
INFO [02-12|04:06:00.007] Commit new sealing work                  number=28 sealhash=3cf022..9d14eb txs=0 gas=0 fees=0 elapsed="230.379µs"
INFO [02-12|04:06:05.006] Successfully sealed new block            number=28 sealhash=3cf022..9d14eb hash=9fc85b..3e7bf4 elapsed=4.999s
INFO [02-12|04:06:05.007] Commit new sealing work                  number=29 sealhash=eeac06..0fff99 txs=0 gas=0 fees=0 elapsed="241.882µs"
INFO [02-12|04:06:10.007] Successfully sealed new block            number=29 sealhash=eeac06..0fff99 hash=39a86d..8e2d9c elapsed=5.000s
INFO [02-12|04:06:10.008] Commit new sealing work                  number=30 sealhash=fc259d..6d94f4 txs=0 gas=0 fees=0 elapsed="274.808µs"
INFO [02-12|04:06:15.007] Successfully sealed new block            number=30 sealhash=fc259d..6d94f4 hash=a094ea..b9c94d elapsed=4.999s
INFO [02-12|04:06:15.007] Commit new sealing work                  number=31 sealhash=b37178..689967 txs=0 gas=0 fees=0 elapsed="199.77µs"
INFO [02-12|04:06:20.007] Successfully sealed new block            number=31 sealhash=b37178..689967 hash=0ccedf..5c8c42 elapsed=4.999s
INFO [02-12|04:06:20.007] Commit new sealing work                  number=32 sealhash=1615f3..ea8bae txs=0 gas=0 fees=0 elapsed="183.272µs"
INFO [02-12|04:06:25.007] Successfully sealed new block            number=32 sealhash=1615f3..ea8bae hash=800b88..c4f5fb elapsed=4.999s
INFO [02-12|04:06:25.007] Commit new sealing work                  number=33 sealhash=90488d..7c0794 txs=0 gas=0 fees=0 elapsed="248.779µs"
INFO [02-12|04:06:30.007] Successfully sealed new block            number=33 sealhash=90488d..7c0794 hash=15ae93..448d05 elapsed=4.999s
INFO [02-12|04:06:30.007] Commit new sealing work                  number=34 sealhash=c9608d..037331 txs=0 gas=0 fees=0 elapsed="163.11µs"
INFO [02-12|04:06:35.007] Successfully sealed new block            number=34 sealhash=c9608d..037331 hash=f95d4c..e4b2c5 elapsed=4.999s
INFO [02-12|04:06:35.007] Commit new sealing work                  number=35 sealhash=ac7ec3..79ff8a txs=0 gas=0 fees=0 elapsed="260.042µs"
INFO [02-12|04:06:40.006] Successfully sealed new block            number=35 sealhash=ac7ec3..79ff8a hash=331e12..77551b elapsed=4.998s
INFO [02-12|04:06:40.006] Commit new sealing work                  number=36 sealhash=3b736d..753c6f txs=0 gas=0 fees=0 elapsed="241.632µs"
INFO [02-12|04:06:45.007] Successfully sealed new block            number=36 sealhash=3b736d..753c6f hash=343405..e6f229 elapsed=5.000s
INFO [02-12|04:06:45.007] Commit new sealing work                  number=37 sealhash=5489aa..29e765 txs=0 gas=0 fees=0 elapsed="219.567µs"
INFO [02-12|04:06:50.007] Successfully sealed new block            number=37 sealhash=5489aa..29e765 hash=65e287..cde004 elapsed=4.999s
INFO [02-12|04:06:50.007] Commit new sealing work                  number=38 sealhash=cb8588..cfc7d2 txs=0 gas=0 fees=0 elapsed="305.788µs"
INFO [02-12|04:06:55.006] Successfully sealed new block            number=38 sealhash=cb8588..cfc7d2 hash=448756..de5212 elapsed=4.998s
INFO [02-12|04:06:55.006] Commit new sealing work                  number=39 sealhash=653711..8cb6a2 txs=0 gas=0 fees=0 elapsed="224.756µs"
INFO [02-12|04:07:00.007] Successfully sealed new block            number=39 sealhash=653711..8cb6a2 hash=682143..e10429 elapsed=5.000s
INFO [02-12|04:07:00.007] Commit new sealing work                  number=40 sealhash=d92d35..a594c6 txs=0 gas=0 fees=0 elapsed="267.259µs"
INFO [02-12|04:07:05.006] Successfully sealed new block            number=40 sealhash=d92d35..a594c6 hash=c7d757..1ba9ab elapsed=4.999s
INFO [02-12|04:07:05.007] Commit new sealing work                  number=41 sealhash=e10b70..164456 txs=0 gas=0 fees=0 elapsed="252.456µs"
INFO [02-12|04:07:10.007] Successfully sealed new block            number=41 sealhash=e10b70..164456 hash=1b0338..05f627 elapsed=5.000s
INFO [02-12|04:07:10.008] Commit new sealing work                  number=42 sealhash=0f2ce3..6243f8 txs=0 gas=0 fees=0 elapsed="426.512µs"
INFO [02-12|04:07:15.007] Successfully sealed new block            number=42 sealhash=0f2ce3..6243f8 hash=081429..494724 elapsed=4.999s
INFO [02-12|04:07:15.008] Commit new sealing work                  number=43 sealhash=adb1ef..815a2b txs=0 gas=0 fees=0 elapsed="209.925µs"
INFO [02-12|04:07:20.007] Successfully sealed new block            number=43 sealhash=adb1ef..815a2b hash=18148c..75b36d elapsed=4.999s
INFO [02-12|04:07:20.008] Commit new sealing work                  number=44 sealhash=1d41ba..558ba2 txs=0 gas=0 fees=0 elapsed="195.577µs"
INFO [02-12|04:07:25.006] Successfully sealed new block            number=44 sealhash=1d41ba..558ba2 hash=e2f528..04a620 elapsed=4.998s
INFO [02-12|04:07:25.007] Commit new sealing work                  number=45 sealhash=3d5d56..745dda txs=0 gas=0 fees=0 elapsed="270.102µs"
INFO [02-12|04:07:30.007] Successfully sealed new block            number=45 sealhash=3d5d56..745dda hash=a558dd..b95813 elapsed=5.000s
INFO [02-12|04:07:30.008] Commit new sealing work                  number=46 sealhash=abcb44..abb772 txs=0 gas=0 fees=0 elapsed="234.848µs"
