nohup: ignoring input
INFO [02-17|20:32:46.240] Maximum peer count                       ETH=50 total=50
INFO [02-17|20:32:46.241] Smartcard socket not found, disabling    err="stat /run/pcscd/pcscd.comm: no such file or directory"
INFO [02-17|20:32:46.242] Set global gas cap                       cap=50,000,000
INFO [02-17|20:32:46.243] Initializing the KZG library             backend=gokzg
INFO [02-17|20:32:46.255] Allocated trie memory caches             clean=76.00MiB dirty=128.00MiB
INFO [02-17|20:32:46.255] Using pebble as the backing database
INFO [02-17|20:32:46.255] Allocated cache and file handles         database=/home/ubuntu/arcana-ecosystem/peer_2/geth/chaindata cache=256.00MiB handles=524,288
INFO [02-17|20:32:46.348] Opened ancient database                  database=/home/ubuntu/arcana-ecosystem/peer_2/geth/chaindata/ancient/chain readonly=false
INFO [02-17|20:32:46.348] State scheme set to already existing     scheme=hash
INFO [02-17|20:32:46.348] Initialising Ethereum protocol           network=136 dbversion=8
INFO [02-17|20:32:46.348] 
INFO [02-17|20:32:46.348] ---------------------------------------------------------------------------------------------------------------------------------------------------------
INFO [02-17|20:32:46.348] Chain ID:  136 (unknown)
INFO [02-17|20:32:46.348] Consensus: Clique (proof-of-authority)
INFO [02-17|20:32:46.348] 
INFO [02-17|20:32:46.348] Pre-Merge hard forks (block based):
INFO [02-17|20:32:46.348]  - Homestead:                   #0        (https://github.com/ethereum/execution-specs/blob/master/network-upgrades/mainnet-upgrades/homestead.md)
INFO [02-17|20:32:46.348]  - Tangerine Whistle (EIP 150): #0        (https://github.com/ethereum/execution-specs/blob/master/network-upgrades/mainnet-upgrades/tangerine-whistle.md)
INFO [02-17|20:32:46.348]  - Spurious Dragon/1 (EIP 155): #0        (https://github.com/ethereum/execution-specs/blob/master/network-upgrades/mainnet-upgrades/spurious-dragon.md)
INFO [02-17|20:32:46.348]  - Spurious Dragon/2 (EIP 158): #0        (https://github.com/ethereum/execution-specs/blob/master/network-upgrades/mainnet-upgrades/spurious-dragon.md)
INFO [02-17|20:32:46.348]  - Byzantium:                   #0        (https://github.com/ethereum/execution-specs/blob/master/network-upgrades/mainnet-upgrades/byzantium.md)
INFO [02-17|20:32:46.348]  - Constantinople:              #0        (https://github.com/ethereum/execution-specs/blob/master/network-upgrades/mainnet-upgrades/constantinople.md)
INFO [02-17|20:32:46.348]  - Petersburg:                  #0        (https://github.com/ethereum/execution-specs/blob/master/network-upgrades/mainnet-upgrades/petersburg.md)
INFO [02-17|20:32:46.348]  - Istanbul:                    #0        (https://github.com/ethereum/execution-specs/blob/master/network-upgrades/mainnet-upgrades/istanbul.md)
INFO [02-17|20:32:46.348]  - Berlin:                      #0        (https://github.com/ethereum/execution-specs/blob/master/network-upgrades/mainnet-upgrades/berlin.md)
INFO [02-17|20:32:46.348]  - London:                      #0        (https://github.com/ethereum/execution-specs/blob/master/network-upgrades/mainnet-upgrades/london.md)
INFO [02-17|20:32:46.348] 
INFO [02-17|20:32:46.348] The Merge is not yet available for this network!
INFO [02-17|20:32:46.348]  - Hard-fork specification: https://github.com/ethereum/execution-specs/blob/master/network-upgrades/mainnet-upgrades/paris.md
INFO [02-17|20:32:46.348] 
INFO [02-17|20:32:46.348] Post-Merge hard forks (timestamp based):
INFO [02-17|20:32:46.348] 
INFO [02-17|20:32:46.348] ---------------------------------------------------------------------------------------------------------------------------------------------------------
INFO [02-17|20:32:46.348] 
INFO [02-17|20:32:46.349] Loaded most recent local block           number=5736 hash=8d4ce5..699dc5 td=11140 age=1h14m47s
WARN [02-17|20:32:46.349] Head state missing, repairing            number=5736 hash=8d4ce5..699dc5 snaproot=6d0be5..cf3f57
INFO [02-17|20:32:46.404] Loaded most recent local header          number=5736 hash=8d4ce5..699dc5 td=11140 age=1h14m47s
INFO [02-17|20:32:46.404] Loaded most recent local block           number=3131 hash=419c54..2a231c td=6263  age=2h51m26s
INFO [02-17|20:32:46.404] Loaded most recent local snap block      number=5736 hash=8d4ce5..699dc5 td=11140 age=1h14m47s
WARN [02-17|20:32:46.443] Enabling snapshot recovery               chainhead=3131 diskbase=3131
WARN [02-17|20:32:46.444] Loaded snapshot journal                  diffs=missing
INFO [02-17|20:32:46.444] Initialized transaction indexer          range="last 2350000 blocks"
INFO [02-17|20:32:46.444] Loaded local transaction journal         transactions=0 dropped=0
WARN [02-17|20:32:46.453] Switch sync mode from snap sync to full sync reason="snap sync complete"
INFO [02-17|20:32:46.454] Gasprice oracle is ignoring threshold set threshold=2
WARN [02-17|20:32:46.458] Unclean shutdown detected                booted=2026-02-17T19:17:07+0000 age=1h15m39s
WARN [02-17|20:32:46.458] Engine API enabled                       protocol=eth
WARN [02-17|20:32:46.458] Engine API started but chain not configured for merge yet
INFO [02-17|20:32:46.458] Starting peer-to-peer node               instance=Geth/v1.13.14-stable-2bd6bd01/linux-amd64/go1.21.6
INFO [02-17|20:32:46.496] New local node record                    seq=1,771,351,327,516 id=89bc3b6bdccc0bc4 ip=127.0.0.1 udp=30305 tcp=30305
INFO [02-17|20:32:46.496] Started P2P networking                   self=enode://3f2723d8e05c015f7c179e71ff30841c80e8a08d150f384404c6c4c38abbc6cd0756c2aae253f48e0a74898ba293031cb011eb78257850c8e0f7202a115b1a56@127.0.0.1:30305
INFO [02-17|20:32:46.496] IPC endpoint opened                      url=/home/ubuntu/arcana-ecosystem/peer_2/geth.ipc
INFO [02-17|20:32:46.497] Loaded JWT secret file                   path=/home/ubuntu/arcana-ecosystem/peer_2/geth/jwtsecret crc32=0xc423aa80
INFO [02-17|20:32:46.497] HTTP server started                      endpoint=[::]:8547 auth=false prefix= cors= vhosts=localhost
INFO [02-17|20:32:46.497] HTTP server stopped                      endpoint=[::]:8547
INFO [02-17|20:32:46.497] IPC endpoint closed                      url=/home/ubuntu/arcana-ecosystem/peer_2/geth.ipc
Fatal: Error starting protocol stack: listen tcp 127.0.0.1:8551: bind: address already in use
