[{
    accessList: [],
    blockHash: null,
    blockNumber: null,
    chainId: "0x88",
    from: "0x8d11448f255863e8e4023549297052c4a11daf13",
    gas: 21000,
    gasPrice: 3000000000,
    hash: "0xa9b09f1b5432cb7511799b81ab78d134a1ad587cf06beab37d14ef5d279ed75b",
    input: "0x",
    maxFeePerGas: 3000000000,
    maxPriorityFeePerGas: 1000000000,
    nonce: 0,
    r: "0x220315fc53a917060b4c5b5702d98185b79b0c5aadb947acd2c94aa5c0c282c8",
    s: "0x2a4cd9d51b549d9715ed1ef363ee84ed36b71bc67d2be4d72ca82b3ffc961e47",
    to: "0x8d11448f255863e8e4023549297052c4a11daf13",
    transactionIndex: null,
    type: "0x2",
    v: "0x1",
    value: 0,
    yParity: "0x1"
}, {
    blockHash: null,
    blockNumber: null,
    chainId: "0x88",
    from: "0x8d11448f255863e8e4023549297052c4a11daf13",
    gas: 21000,
    gasPrice: 1000000000,
    hash: "0x13e9e27723ef35929ceec9d6a50da25b1e9034a9b4655d60160f8c2b679edaf7",
    input: "0x",
    nonce: 1,
    r: "0x442cf851dafa0fd9d00303fdc824088e84e57a8ea81dd7910c7cb1ff6e839512",
    s: "0x3864698cb23b70cbaace9ba274679b3214404c6f0cb6c47452cc0bdaff2e07fc",
    to: "0x8d11448f255863e8e4023549297052c4a11daf13",
    transactionIndex: null,
    type: "0x0",
    v: "0x134",
    value: 0
}]
